{"message":"Connected at port 3000","level":"info"}
{"message":"Connected at port 3000","level":"info"}
{"message":"Connected at port 3000","level":"info"}
{"message":{"employees":["5aa569daf536672ad8b48238"],"asks":[],"_id":"5aa562450c5cc629eae838ef","name":"English","__v":3},"level":"warn"}
{"message":"Connected at port 3000","level":"info"}
{"message":{"employees":["5aa569daf536672ad8b48238"],"asks":[],"_id":"5aa562450c5cc629eae838ef","name":"English","__v":3},"level":"warn"}
{"message":"Connected at port 3000","level":"info"}
{"message":{"employees":["5aa569daf536672ad8b48238"],"asks":[],"_id":"5aa562450c5cc629eae838ef","name":"English","__v":3},"level":"error"}
{"message":{"employees":["5aa569daf536672ad8b48238"],"asks":[],"_id":"5aa562450c5cc629eae838ef","name":"English","__v":3},"level":"warn"}
{"message":{"employees":["5aa569daf536672ad8b48238"],"asks":[],"_id":"5aa562450c5cc629eae838f1","name":"French","__v":3},"level":"error"}
{"message":"Connected at port 3000","level":"info"}
{"message":"Connected at port 3000","level":"info"}
{"message":{"employees":[],"asks":[],"_id":"5aa6de2a2388fa48d540d114","name":"English","__v":0},"level":"error"}
{"message":{"employees":[],"asks":[],"_id":"5aa6de2a2388fa48d540d114","name":"English","__v":0},"level":"warn"}
{"message":{"employees":[],"asks":[],"_id":"5aa6de2a2388fa48d540d116","name":"French","__v":0},"level":"error"}
{"message":{"employees":[],"asks":[],"_id":"5aa6de2a2388fa48d540d11f","name":"Web Storm","__v":0},"level":"error"}
{"message":{"employees":[],"asks":[],"_id":"5aa6de2a2388fa48d540d11f","name":"Web Storm","__v":0},"level":"warn"}
{"message":{"employees":[],"asks":[],"_id":"5aa6de2a2388fa48d540d11d","name":"Photoshop","__v":0},"level":"error"}
{"message":"Connected at port 3000","level":"info"}
{"message":"Connected at port 3000","level":"info"}
{"message":"Connected at port 3000","level":"info"}
{"message":"Connected at port 3000","level":"info"}
{"message":"Connected at port 3000","level":"info"}
{"message":"Connected at port 3000","level":"info"}
{"message":"Connected at port 3000","level":"info"}
{"message":"Connected at port 3000","level":"info"}
{"message":"Connected at port 3000","level":"info"}
{"message":"Connected at port 3000","level":"info"}
{"message":"Connected at port 3000","level":"info"}
{"message":"Connected at port 3000","level":"info"}
{"message":"Connected at port 3000","level":"info"}
{"message":"Connected at port 3000","level":"info"}
{"message":"Connected at port 3000","level":"info"}
{"message":"Connected at port 3000","level":"info"}
{"message":"Connected at port 3000","level":"info"}
{"message":"Connected at port 3000","level":"info"}
{"message":"Connected at port 3000","level":"info"}
{"message":"Cast to ObjectId failed for value \"me\" at path \"employer\" for model \"Ask\"","name":"CastError","stringValue":"\"me\"","kind":"ObjectId","value":"me","path":"employer","level":"error"}
{"message":"Connected at port 3000","level":"info"}
{"message":"Connected at port 3000","level":"info"}
{"message":"Connected at port 3000","level":"info"}
{"message":"Connected at port 3000","level":"info"}
{"message":"Connected at port 3000","level":"info"}
{"message":"Connected at port 3000","level":"info"}
{"message":"Connected at port 3000","level":"info"}
{"message":"Connected at port 3000","level":"info"}
{"message":"Connected at port 3000","level":"info"}
{"message":"Connected at port 3000","level":"info"}
{"message":"Connected at port 3000","level":"info"}
{"message":"Connected at port 3000","level":"info"}
{"message":"Connected at port 3000","level":"info"}
{"message":"Connected at port 3000","level":"info"}
{"message":"Connected at port 3000","level":"info"}
{"message":"Connected at port 3000","level":"info"}
{"message":"Connected at port 3000","level":"info"}
{"message":"Connected at port 3000","level":"info"}
{"message":"Connected at port 3000","level":"info"}
{"message":"Connected at port 3000","level":"info"}
{"message":"Connected at port 3000","level":"info"}
{"message":"Connected at port 3000","level":"info"}
{"message":"Connected at port 3000","level":"info"}
{"message":"Connected at port 3000","level":"info"}
{"message":"Connected at port 3000","level":"info"}
{"message":"Connected at port 3000","level":"info"}
{"message":"Connected at port 3000","level":"info"}
{"message":"Connected at port 3000","level":"info"}
{"message":"Connected at port 3000","level":"info"}
{"message":"Connected at port 3000","level":"info"}
{"message":"Connected at port 3000","level":"info"}
{"message":"Connected at port 3000","level":"info"}
{"message":"Connected at port 3000","level":"info"}
{"message":"Connected at port 3000","level":"info"}
{"message":"Connected at port 3000","level":"info"}
{"message":"Connected at port 3000","level":"info"}
{"message":"Connected at port 3000","level":"info"}
{"message":"Connected at port 3000","level":"info"}
{"message":"Connected at port 3000","level":"info"}
{"message":"Connected at port 3000","level":"info"}
{"message":"Connected at port 3000","level":"info"}
{"message":"Connected at port 3000","level":"info"}
{"message":"Connected at port 3000","level":"info"}
{"message":"Connected at port 3000","level":"info"}
{"message":"Connected at port 3000","level":"info"}
{"message":"Connected at port 3000","level":"info"}
{"message":"Connected at port 3000","level":"info"}
{"message":"Connected at port 3000","level":"info"}
{"message":"Connected at port 3000","level":"info"}
{"message":"Connected at port 3000","level":"info"}
{"message":"Connected at port 3000","level":"info"}
{"message":"Connected at port 3000","level":"info"}
{"message":"Connected at port 3000","level":"info"}
{"message":"Connected at port 3000","level":"info"}
{"message":"Connected at port 3000","level":"info"}
{"message":"Connected at port 3000","level":"info"}
{"message":{"employees":[],"asks":[],"_id":"5aaab02c4829aa976faa808b","name":"English","__v":4},"level":"error"}
{"message":{"employees":[],"asks":[],"_id":"5aaab02c4829aa976faa808c","name":"Spanish","__v":4},"level":"error"}
{"message":{"employees":[],"asks":[],"_id":"5aaab02c4829aa976faa808f","name":"Java","__v":2},"level":"error"}
{"message":{"employees":[],"asks":[],"_id":"5aaab02c4829aa976faa8090","name":"C++","__v":2},"level":"error"}
{"message":"Connected at port 3000","level":"info"}
{"message":"Connected at port 3000","level":"info"}
{"message":{"employees":[],"asks":[],"_id":"5aaab02c4829aa976faa8092","name":"Angular 2","__v":2},"level":"error"}
{"message":{"employees":[],"asks":[],"_id":"5aaab02c4829aa976faa808e","name":"Italian","__v":2},"level":"error"}
{"message":{"employees":[],"asks":[],"_id":"5aaab02c4829aa976faa808b","name":"English","__v":6},"level":"error"}
{"message":{"employees":[],"asks":[],"_id":"5aaab02c4829aa976faa808f","name":"Java","__v":4},"level":"error"}
{"message":"Connected at port 3000","level":"info"}
{"message":"Connected at port 3000","level":"info"}
{"message":"Connected at port 3000","level":"info"}
{"message":"Connected at port 3000","level":"info"}
{"message":"Connected at port 3000","level":"info"}
{"message":"Connected at port 3000","level":"info"}
{"level":"error"}
{"level":"error"}
{"message":"Connected at port 3000","level":"info"}
{"message":"Connected at port 3000","level":"info"}
{"level":"error"}
{"level":"error"}
{"message":"Connected at port 3000","level":"info"}
{"level":"error"}
{"level":"error"}
{"message":"Connected at port 3000","level":"info"}
{"level":"error"}
{"level":"error"}
{"message":"Connected at port 3000","level":"info"}
{"level":"error"}
{"level":"error"}
{"message":"Connected at port 3000","level":"info"}
{"message":"Connected at port 3000","level":"info"}
{"message":"Connected at port 3000","level":"info"}
{"message":"Connected at port 3000","level":"info"}
{"message":"Connected at port 3000","level":"info"}
{"message":"Connected at port 3000","level":"info"}
{"message":"Connected at port 3000","level":"info"}
info: Connected at port 3000 {}
info: Connected at port 3000 {}
info: Connected at port 3000 {}
info: Connected at port 3000 {}
info: Connected at port 3000 {}
info: Connected at port 3000 {}
error: We do not support that {}
info: Connected at port 3000 {}
info: Connected at port 3000 {}
error: We do not support that {}
info: Connected at port 3000 {}
info: Connected at port 3000 {}
info: Connected at port 3000 {}
info: Connected at port 3000 {}
info: Connected at port 3000 {}
info: Connected at port 3000 {}
info: Connected at port 3000 {}
info: Connected at port 3000 {}
info: Connected at port 3000 {}
info: Connected at port 3000 {}
info: Connected at port 3000 {}
info: Connected at port 3000 {}
info: Connected at port 3000 {}
info: Connected at port 3000 {}
info: Connected at port 3000 {}
info: Connected at port 3000 {}
info: Connected at port 3000 {}
info: Connected at port 3000 {}
info: Connected at port 3000 {}
error: Cast to ObjectId failed for value "English" at path "languages" for model "Ask" {"name":"CastError","stringValue":"\"English\"","kind":"ObjectId","value":"English","path":"languages"}
info: Connected at port 3000 {}
info: Connected at port 3000 {}
error: Cast to ObjectId failed for value "French" at path "languages" for model "Ask" {"name":"CastError","stringValue":"\"French\"","kind":"ObjectId","value":"French","path":"languages"}
error: Cast to ObjectId failed for value "French" at path "languages" for model "Ask" {"name":"CastError","stringValue":"\"French\"","kind":"ObjectId","value":"French","path":"languages"}
info: Connected at port 3000 {}
error: Cast to ObjectId failed for value "French" at path "languages" for model "Ask" {"name":"CastError","stringValue":"\"French\"","kind":"ObjectId","value":"French","path":"languages"}
info: Connected at port 3000 {}
info: Connected at port 3000 {}
error: Cast to ObjectId failed for value "French" at path "languages" for model "Ask" {"name":"CastError","stringValue":"\"French\"","kind":"ObjectId","value":"French","path":"languages"}
error: Cast to ObjectId failed for value "French" at path "languages" for model "Ask" {"name":"CastError","stringValue":"\"French\"","kind":"ObjectId","value":"French","path":"languages"}
info: Connected at port 3000 {}
info: Connected at port 3000 {}
error: We do not support that {}
error: Cast to ObjectId failed for value "Web Storm" at path "categories" for model "Ask" {"name":"CastError","stringValue":"\"Web Storm\"","kind":"ObjectId","value":"Web Storm","path":"categories"}
error: We do not support that {}
error: We do not support that {}
error: We do not support that {}
error: We do not support that {}
error: We do not support that {}
error: We do not support that {}
info: Connected at port 3000 {}
error: We do not support that {}
info: Connected at port 3000 {}
info: Connected at port 3000 {}
info: Connected at port 3000 {}
error: Cast to ObjectId failed for value "Photoshop" at path "software" for model "Ask" {"name":"CastError","stringValue":"\"Photoshop\"","kind":"ObjectId","value":"Photoshop","path":"software"}
info: Connected at port 3000 {}
info: Connected at port 3000 {}
error: Cannot set property 'languages' of undefined {}
error: Cannot set property 'software' of undefined {}
error: Cannot set property 'certifications' of undefined {}
info: Connected at port 3000 {}
info: Connected at port 3000 {}
info: Connected at port 3000 {}
info: Connected at port 3000 {}
info: Connected at port 3000 {}
info: Connected at port 3000 {}
info: Connected at port 3000 {}
info: Connected at port 3000 {}
info: Connected at port 3000 {}
info: Connected at port 3000 {}
info: Connected at port 3000 {}
info: Connected at port 3000 {}
info: Connected at port 3000 {}
info: Connected at port 3000 {}
info: Connected at port 3000 {}
info: Connected at port 3000 {}
info: Connected at port 3000 {}
info: Connected at port 3000 {}
info: Connected at port 3000 {}
info: Connected at port 3000 {}
info: Connected at port 3000 {}
info: Connected at port 3000 {}
info: Connected at port 3000 {}
info: Connected at port 3000 {}
info: Connected at port 3000 {}
info: Connected at port 3000 {}
info: Connected at port 3000 {}
info: Connected at port 3000 {}
info: Connected at port 3000 {}
info: Connected at port 3000 {}
info: Connected at port 3000 {}
info: Connected at port 3000 {}
info: Connected at port 3000 {}
info: Connected at port 3000 {}
info: Connected at port 3000 {}
info: Connected at port 3000 {}
info: Connected at port 3000 {}
info: Connected at port 3000 {}
info: Connected at port 3000 {}
error: Cannot read property '_id' of undefined {}
info: Connected at port 3000 {}
error: Cannot read property '_id' of undefined {}
info: Connected at port 3000 {}
error: Cannot read property '_id' of undefined {}
info: Connected at port 3000 {}
info: Connected at port 3000 {}
info: Connected at port 3000 {}
info: Connected at port 3000 {}
error: Cannot read property '_id' of undefined {}
info: Connected at port 3000 {}
info: Connected at port 3000 {}
info: Connected at port 3000 {}
info: Connected at port 3000 {}
info: Connected at port 3000 {}
info: Connected at port 3000 {}
info: Connected at port 3000 {}
info: Connected at port 3000 {}
info: Connected at port 3000 {}
info: Connected at port 3000 {}
info: Connected at port 3000 {}
info: Connected at port 3000 {}
info: Connected at port 3000 {}
info: Connected at port 3000 {}
info: Connected at port 3000 {}
info: Connected at port 3000 {}
info: Connected at port 3000 {}
info: Connected at port 3000 {}
info: Connected at port 3000 {}
info: Connected at port 3000 {}
info: Connected at port 3000 {}
info: Connected at port 3000 {}
info: Connected at port 3000 {}
info: Connected at port 3000 {}
info: Connected at port 3000 {}
info: Connected at port 3000 {}
info: Connected at port 3000 {}
info: Connected at port 3000 {}
info: Connected at port 3000 {}
info: Connected at port 3000 {}
info: Connected at port 3000 {}
info: Connected at port 3000 {}
info: Connected at port 3000 {}
info: Connected at port 3000 {}
info: Connected at port 3000 {}
info: Connected at port 3000 {}
info: Connected at port 3000 {}
info: Connected at port 3000 {}
info: Connected at port 3000 {}
info: Connected at port 3000 {}
info: Connected at port 3000 {}
info: Connected at port 3000 {}
info: Connected at port 3000 {}
info: Connected at port 3000 {}
info: Connected at port 3000 {}
info: Connected at port 3000 {}
info: Connected at port 3000 {}
info: Connected at port 3000 {}
info: Connected at port 3000 {}
info: Connected at port 3000 {}
info: Connected at port 3000 {}
info: Connected at port 3000 {}
info: Connected at port 3000 {}
info: Connected at port 3000 {}
info: Connected at port 3000 {}
info: Connected at port 3000 {}
info: Connected at port 3000 {}
error: $and must be an array {"name":"MongoError","ok":0,"errmsg":"$and must be an array","code":2,"codeName":"BadValue"}
info: Connected at port 3000 {}
info: Connected at port 3000 {}
info: Connected at port 3000 {}
info: Connected at port 3000 {}
info: Connected at port 3000 {}
info: Connected at port 3000 {}
info: Connected at port 3000 {}
info: Connected at port 3000 {}
info: Connected at port 3000 {}
info: Connected at port 3000 {}
info: Connected at port 3000 {}
info: Connected at port 3000 {}
info: Connected at port 3000 {}
info: Connected at port 3000 {}
info: Connected at port 3000 {}
info: Connected at port 3000 {}
info: Connected at port 3000 {}
info: Connected at port 3000 {}
info: Connected at port 3000 {}
info: Connected at port 3000 {}
info: Connected at port 3000 {}
info: Connected at port 3000 {}
info: Connected at port 3000 {}
info: Connected at port 3000 {}
info: Connected at port 3000 {}
info: Connected at port 3000 {}
info: Connected at port 3000 {}
info: Connected at port 3000 {}
info: Connected at port 3000 {}
info: Connected at port 3000 {}
info: Connected at port 3000 {}
info: Connected at port 3000 {}
info: Connected at port 3000 {}
info: Connected at port 3000 {}
info: Connected at port 3000 {}
info: Connected at port 3000 {}
info: Connected at port 3000 {}
info: Connected at port 3000 {}
info: Connected at port 3000 {}
info: Connected at port 3000 {}
info: Connected at port 3000 {}
info: Connected at port 3000 {}
